<?xml version="1.0" encoding="UTF-8"?>
<testsuite name="com.twuc.shopping.api.ProductControllerTest" tests="1" skipped="0" failures="0" errors="0" timestamp="2020-11-12T08:39:01" hostname="ties-MacBook-Pro.local" time="0.389">
  <properties/>
  <testcase name="shouldGetProducts()" classname="com.twuc.shopping.api.ProductControllerTest" time="0.389"/>
  <system-out><![CDATA[16:38:41.952 [Test worker] DEBUG org.springframework.test.context.BootstrapUtils - Instantiating CacheAwareContextLoaderDelegate from class [org.springframework.test.context.cache.DefaultCacheAwareContextLoaderDelegate]
16:38:41.963 [Test worker] DEBUG org.springframework.test.context.BootstrapUtils - Instantiating BootstrapContext using constructor [public org.springframework.test.context.support.DefaultBootstrapContext(java.lang.Class,org.springframework.test.context.CacheAwareContextLoaderDelegate)]
16:38:41.990 [Test worker] DEBUG org.springframework.test.context.BootstrapUtils - Instantiating TestContextBootstrapper for test class [com.twuc.shopping.api.ProductControllerTest] from class [org.springframework.boot.test.context.SpringBootTestContextBootstrapper]
16:38:42.003 [Test worker] INFO org.springframework.boot.test.context.SpringBootTestContextBootstrapper - Neither @ContextConfiguration nor @ContextHierarchy found for test class [com.twuc.shopping.api.ProductControllerTest], using SpringBootContextLoader
16:38:42.006 [Test worker] DEBUG org.springframework.test.context.support.AbstractContextLoader - Did not detect default resource location for test class [com.twuc.shopping.api.ProductControllerTest]: class path resource [com/twuc/shopping/api/ProductControllerTest-context.xml] does not exist
16:38:42.006 [Test worker] DEBUG org.springframework.test.context.support.AbstractContextLoader - Did not detect default resource location for test class [com.twuc.shopping.api.ProductControllerTest]: class path resource [com/twuc/shopping/api/ProductControllerTestContext.groovy] does not exist
16:38:42.007 [Test worker] INFO org.springframework.test.context.support.AbstractContextLoader - Could not detect default resource locations for test class [com.twuc.shopping.api.ProductControllerTest]: no resource found for suffixes {-context.xml, Context.groovy}.
16:38:42.007 [Test worker] INFO org.springframework.test.context.support.AnnotationConfigContextLoaderUtils - Could not detect default configuration classes for test class [com.twuc.shopping.api.ProductControllerTest]: ProductControllerTest does not declare any static, non-private, non-final, nested classes annotated with @Configuration.
16:38:42.054 [Test worker] DEBUG org.springframework.test.context.support.ActiveProfilesUtils - Could not find an 'annotation declaring class' for annotation type [org.springframework.test.context.ActiveProfiles] and class [com.twuc.shopping.api.ProductControllerTest]
16:38:42.114 [Test worker] DEBUG org.springframework.context.annotation.ClassPathScanningCandidateComponentProvider - Identified candidate component class: file [/Users/huijie.tiethoughtworks.com/Desktop/angular-demo/angular-shpping-project/angular-shpping-project/back-end/build/classes/java/main/com/twuc/shopping/ShoppingApplication.class]
16:38:42.115 [Test worker] INFO org.springframework.boot.test.context.SpringBootTestContextBootstrapper - Found @SpringBootConfiguration com.twuc.shopping.ShoppingApplication for test class com.twuc.shopping.api.ProductControllerTest
16:38:42.190 [Test worker] DEBUG org.springframework.boot.test.context.SpringBootTestContextBootstrapper - @TestExecutionListeners is not present for class [com.twuc.shopping.api.ProductControllerTest]: using defaults.
16:38:42.191 [Test worker] INFO org.springframework.boot.test.context.SpringBootTestContextBootstrapper - Loaded default TestExecutionListener class names from location [META-INF/spring.factories]: [org.springframework.boot.test.autoconfigure.restdocs.RestDocsTestExecutionListener, org.springframework.boot.test.autoconfigure.web.client.MockRestServiceServerResetTestExecutionListener, org.springframework.boot.test.autoconfigure.web.servlet.MockMvcPrintOnlyOnFailureTestExecutionListener, org.springframework.boot.test.autoconfigure.web.servlet.WebDriverTestExecutionListener, org.springframework.boot.test.mock.mockito.MockitoTestExecutionListener, org.springframework.boot.test.mock.mockito.ResetMocksTestExecutionListener, org.springframework.test.context.web.ServletTestExecutionListener, org.springframework.test.context.support.DirtiesContextBeforeModesTestExecutionListener, org.springframework.test.context.support.DependencyInjectionTestExecutionListener, org.springframework.test.context.support.DirtiesContextTestExecutionListener, org.springframework.test.context.transaction.TransactionalTestExecutionListener, org.springframework.test.context.jdbc.SqlScriptsTestExecutionListener, org.springframework.test.context.event.EventPublishingTestExecutionListener]
16:38:42.203 [Test worker] INFO org.springframework.boot.test.context.SpringBootTestContextBootstrapper - Using TestExecutionListeners: [org.springframework.test.context.web.ServletTestExecutionListener@f2e6432, org.springframework.test.context.support.DirtiesContextBeforeModesTestExecutionListener@7729390d, org.springframework.boot.test.mock.mockito.MockitoTestExecutionListener@256047df, org.springframework.boot.test.autoconfigure.SpringBootDependencyInjectionTestExecutionListener@5b863b46, org.springframework.test.context.support.DirtiesContextTestExecutionListener@27f5cbf0, org.springframework.test.context.transaction.TransactionalTestExecutionListener@192a7f52, org.springframework.test.context.jdbc.SqlScriptsTestExecutionListener@3ed39d17, org.springframework.test.context.event.EventPublishingTestExecutionListener@54e5dd80, org.springframework.boot.test.autoconfigure.restdocs.RestDocsTestExecutionListener@5dc626a7, org.springframework.boot.test.autoconfigure.web.client.MockRestServiceServerResetTestExecutionListener@175c12a2, org.springframework.boot.test.autoconfigure.web.servlet.MockMvcPrintOnlyOnFailureTestExecutionListener@35450e7b, org.springframework.boot.test.autoconfigure.web.servlet.WebDriverTestExecutionListener@4fb6dc8e, org.springframework.boot.test.mock.mockito.ResetMocksTestExecutionListener@232928c1]
16:38:42.207 [Test worker] DEBUG org.springframework.test.context.support.AbstractDirtiesContextTestExecutionListener - Before test class: context [DefaultTestContext@77b68795 testClass = ProductControllerTest, testInstance = [null], testMethod = [null], testException = [null], mergedContextConfiguration = [WebMergedContextConfiguration@39374caa testClass = ProductControllerTest, locations = '{}', classes = '{class com.twuc.shopping.ShoppingApplication}', contextInitializerClasses = '[]', activeProfiles = '{}', propertySourceLocations = '{}', propertySourceProperties = '{org.springframework.boot.test.context.SpringBootTestContextBootstrapper=true}', contextCustomizers = set[org.springframework.boot.test.autoconfigure.properties.PropertyMappingContextCustomizer@4b3fa0b3, org.springframework.boot.test.autoconfigure.web.servlet.WebDriverContextCustomizerFactory$Customizer@3358d12, [ImportsContextCustomizer@14bd7e9a key = [org.springframework.boot.test.autoconfigure.web.servlet.MockMvcAutoConfiguration, org.springframework.boot.test.autoconfigure.web.servlet.MockMvcWebClientAutoConfiguration, org.springframework.boot.test.autoconfigure.web.servlet.MockMvcWebDriverAutoConfiguration, org.springframework.boot.autoconfigure.security.servlet.SecurityAutoConfiguration, org.springframework.boot.autoconfigure.security.servlet.UserDetailsServiceAutoConfiguration, org.springframework.boot.test.autoconfigure.web.servlet.MockMvcSecurityConfiguration]], org.springframework.boot.test.context.filter.ExcludeFilterContextCustomizer@464139d3, org.springframework.boot.test.json.DuplicateJsonObjectContextCustomizerFactory$DuplicateJsonObjectContextCustomizer@25f637b5, org.springframework.boot.test.mock.mockito.MockitoContextCustomizer@0, org.springframework.boot.test.web.client.TestRestTemplateContextCustomizer@14b3b39c, org.springframework.boot.test.context.SpringBootTestArgs@1], resourceBasePath = 'src/main/webapp', contextLoader = 'org.springframework.boot.test.context.SpringBootContextLoader', parent = [null]], attributes = map['org.springframework.test.context.web.ServletTestExecutionListener.activateListener' -> true]], class annotated with @DirtiesContext [false] with mode [null].
16:38:42.228 [Test worker] DEBUG org.springframework.test.context.support.TestPropertySourceUtils - Adding inlined properties to environment: {spring.jmx.enabled=false, org.springframework.boot.test.context.SpringBootTestContextBootstrapper=true, server.port=-1}

  .   ____          _            __ _ _
 /\\ / ___'_ __ _ _(_)_ __  __ _ \ \ \ \
( ( )\___ | '_ | '_| | '_ \/ _` | \ \ \ \
 \\/  ___)| |_)| | | | | || (_| |  ) ) ) )
  '  |____| .__|_| |_|_| |_\__, | / / / /
 =========|_|==============|___/=/_/_/_/
 :: Spring Boot ::        (v2.2.7.RELEASE)

2020-11-12 16:38:52.469  WARN 57508 --- [    Test worker] o.s.boot.StartupInfoLogger               : InetAddress.getLocalHost().getHostName() took 5004 milliseconds to respond. Please verify your network configuration (macOS machines may need to add entries to /etc/hosts).
2020-11-12 16:38:57.475  INFO 57508 --- [    Test worker] c.t.shopping.api.ProductControllerTest   : Starting ProductControllerTest on ties-MacBook-Pro.local with PID 57508 (started by huijie.tiethoughtworks.com in /Users/huijie.tiethoughtworks.com/Desktop/angular-demo/angular-shpping-project/angular-shpping-project/back-end)
2020-11-12 16:38:57.476  INFO 57508 --- [    Test worker] c.t.shopping.api.ProductControllerTest   : No active profile set, falling back to default profiles: default
2020-11-12 16:38:57.913  INFO 57508 --- [    Test worker] .s.d.r.c.RepositoryConfigurationDelegate : Bootstrapping Spring Data JPA repositories in DEFAULT mode.
2020-11-12 16:38:57.968  INFO 57508 --- [    Test worker] .s.d.r.c.RepositoryConfigurationDelegate : Finished Spring Data repository scanning in 48ms. Found 3 JPA repository interfaces.
2020-11-12 16:38:58.564  INFO 57508 --- [    Test worker] o.hibernate.jpa.internal.util.LogHelper  : HHH000204: Processing PersistenceUnitInfo [name: default]
2020-11-12 16:38:58.614  INFO 57508 --- [    Test worker] org.hibernate.Version                    : HHH000412: Hibernate ORM core version 5.4.15.Final
2020-11-12 16:38:58.751  INFO 57508 --- [    Test worker] o.hibernate.annotations.common.Version   : HCANN000001: Hibernate Commons Annotations {5.1.0.Final}
2020-11-12 16:38:58.851  INFO 57508 --- [    Test worker] com.zaxxer.hikari.HikariDataSource       : HikariPool-1 - Starting...
2020-11-12 16:38:59.067  INFO 57508 --- [    Test worker] com.zaxxer.hikari.pool.PoolBase          : HikariPool-1 - Driver does not support get/set network timeout for connections. (com.mysql.jdbc.JDBC4Connection.getNetworkTimeout()I)
2020-11-12 16:38:59.071  INFO 57508 --- [    Test worker] com.zaxxer.hikari.HikariDataSource       : HikariPool-1 - Start completed.
2020-11-12 16:38:59.098  INFO 57508 --- [    Test worker] org.hibernate.dialect.Dialect            : HHH000400: Using dialect: org.hibernate.dialect.MySQL57Dialect
2020-11-12 16:38:59.945  INFO 57508 --- [    Test worker] o.h.e.t.j.p.i.JtaPlatformInitiator       : HHH000490: Using JtaPlatform implementation: [org.hibernate.engine.transaction.jta.platform.internal.NoJtaPlatform]
2020-11-12 16:38:59.950  INFO 57508 --- [    Test worker] j.LocalContainerEntityManagerFactoryBean : Initialized JPA EntityManagerFactory for persistence unit 'default'
2020-11-12 16:39:00.524  WARN 57508 --- [    Test worker] JpaBaseConfiguration$JpaWebConfiguration : spring.jpa.open-in-view is enabled by default. Therefore, database queries may be performed during view rendering. Explicitly configure spring.jpa.open-in-view to disable this warning
2020-11-12 16:39:00.740  INFO 57508 --- [    Test worker] o.s.s.concurrent.ThreadPoolTaskExecutor  : Initializing ExecutorService 'applicationTaskExecutor'
2020-11-12 16:39:01.075  INFO 57508 --- [    Test worker] o.s.b.t.m.w.SpringBootMockServletContext : Initializing Spring TestDispatcherServlet ''
2020-11-12 16:39:01.075  INFO 57508 --- [    Test worker] o.s.t.web.servlet.TestDispatcherServlet  : Initializing Servlet ''
2020-11-12 16:39:01.087  INFO 57508 --- [    Test worker] o.s.t.web.servlet.TestDispatcherServlet  : Completed initialization in 12 ms
2020-11-12 16:39:01.106  INFO 57508 --- [    Test worker] c.t.shopping.api.ProductControllerTest   : Started ProductControllerTest in 18.869 seconds (JVM running for 19.867)
]]></system-out>
  <system-err><![CDATA[]]></system-err>
</testsuite>
